2025-12-01 08:45:51,032 INFO DayFlow scheduler starting (tz=Europe/London, dry_run=False, force=False)
2025-12-01 08:45:52,023 INFO Supabase client created.
2025-12-01 08:45:52,023 INFO Run date = 2025-12-01 (Europe/London local)
2025-12-01 08:45:52,539 INFO HTTP Request: GET https://prloxvewcsxaptzgxvyy.supabase.co/rest/v1/task_templates?select=%2A&user_id=eq.3c877140-9539-47b9-898a-45eeab392e39&is_deleted=eq.False "HTTP/2 200 OK"
2025-12-01 08:45:52,544 INFO templates: fetched 42 row(s) for user_id=3c877140-9539-47b9-898a-45eeab392e39
2025-12-01 08:45:52,544 INFO templates: columns=['id', 'user_id', 'title', 'description', 'kind', 'repeat', 'repeat_day', 'suggested_duration_minutes', 'origin_source', 'created_at', 'updated_at', 'active', 'repeat_interval', 'repeat_days', 'day_of_month', 'timezone', 'repeat_unit', 'start_time', 'duration_minutes', 'is_routine', 'is_fixed', 'is_appointment', 'notes', 'date', 'priority', 'window_start_local', 'window_end_local', 'is_deleted']
2025-12-01 08:45:52,547 INFO templates: preview (up to 5)=[{'id': '0b2ea488-d48d-41fc-abb7-42f08cf80a8b', 'title': 'test floating task', 'repeat_unit': 'none', 'repeat': 'none', 'repeat_interval': 1, 'repeat_day': None, 'repeat_days': None, 'start_time': None, 'duration_minutes': 70, 'is_appointment': False, 'is_fixed': False, 'is_routine': False, 'timezone': 'Europe/London', 'date': '2025-10-28'}, {'id': 'c8e62685-8b13-4922-92fe-420d38ba0d90', 'title': 'code dayflow2 - correct schedule logic', 'repeat_unit': 'daily', 'repeat': 'daily', 'repeat_interval': 1, 'repeat_day': None, 'repeat_days': None, 'start_time': None, 'duration_minutes': 60, 'is_appointment': False, 'is_fixed': False, 'is_routine': False, 'timezone': 'Europe/London', 'date': None}, {'id': '2abb605a-7f11-4231-b06f-0badc9bf206b', 'title': 'Book clearing', 'repeat_unit': 'daily', 'repeat': 'daily', 'repeat_interval': 1, 'repeat_day': None, 'repeat_days': None, 'start_time': None, 'duration_minutes': 15, 'is_appointment': False, 'is_fixed': False, 'is_routine': False, 'timezone': 'Europe/London', 'date': None}, {'id': 'de0e34aa-1a30-4168-a59d-00ecd69aa119', 'title': 'Lunch/reading', 'repeat_unit': 'daily', 'repeat': None, 'repeat_interval': 1, 'repeat_day': None, 'repeat_days': None, 'start_time': '13:00:00', 'duration_minutes': 60, 'is_appointment': False, 'is_fixed': False, 'is_routine': True, 'timezone': 'Europe/London', 'date': None}, {'id': '3c917dd5-0a59-4e5b-86c9-960c6b5813d8', 'title': 'Woodland Management Plan', 'repeat_unit': 'daily', 'repeat': 'daily', 'repeat_interval': 1, 'repeat_day': None, 'repeat_days': None, 'start_time': None, 'duration_minutes': 30, 'is_appointment': False, 'is_fixed': False, 'is_routine': False, 'timezone': 'Europe/London', 'date': None}]
2025-12-01 08:45:52,680 INFO HTTP Request: GET https://prloxvewcsxaptzgxvyy.supabase.co/rest/v1/scheduled_tasks?select=%2A&user_id=eq.3c877140-9539-47b9-898a-45eeab392e39&local_date=in.%282025-11-30%2C2025-12-01%29 "HTTP/2 200 OK"
2025-12-01 08:45:52,684 INFO Fetched 30 rows from scheduled_tasks for dates 2025-11-30, 2025-12-01
2025-12-01 08:45:52,685 INFO Fetched titles: ['Clear leaves', 'Letting flat 3', 'ADHD assessment', 'coffee/reading', 'Book clearing', 'Woodland Management Plan', 'DayFlow activation', 'Desk clear/paperwork', 'Choir practice', 'code dayflow2 - correct schedule logic']
2025-12-01 08:45:52,688 INFO Old schedule preview: [{'title': 'Clear leaves', 'is_completed': False, 'date': '2025-11-30'}, {'title': 'Letting flat 3', 'is_completed': True, 'date': '2025-11-30'}, {'title': 'ADHD assessment', 'is_completed': False, 'date': '2025-11-30'}, {'title': 'coffee/reading', 'is_completed': True, 'date': '2025-11-30'}, {'title': 'Book clearing', 'is_completed': False, 'date': '2025-11-30'}]
2025-12-01 08:45:52,804 INFO HTTP Request: GET https://prloxvewcsxaptzgxvyy.supabase.co/rest/v1/scheduled_tasks?select=template_id%2Clocal_date&user_id=eq.3c877140-9539-47b9-898a-45eeab392e39&local_date=neq.2025-12-01 "HTTP/2 200 OK"
2025-12-01 08:45:52,873 INFO HTTP Request: GET https://prloxvewcsxaptzgxvyy.supabase.co/rest/v1/scheduled_tasks_archive?select=template_id%2Clocal_date&user_id=eq.3c877140-9539-47b9-898a-45eeab392e39&local_date=neq.2025-12-01 "HTTP/2 200 OK"
2025-12-01 08:45:52,875 INFO One-off block list (template_id,title,repeat_unit): [{'id': '0b2ea488-d48d-41fc-abb7-42f08cf80a8b', 'title': 'test floating task', 'repeat_unit': 'none'}, {'id': '00be83de-3c34-4b37-b84b-960b97d32dcc', 'title': 'Frozen taps', 'repeat_unit': 'none'}, {'id': '2cdff50f-0349-4926-9740-e031b5bc3f80', 'title': 'Caitlin Bench', 'repeat_unit': 'none'}, {'id': '227d7f51-04e1-4fdd-a7db-d365093d316d', 'title': 'WATER SUPPLY', 'repeat_unit': 'none'}, {'id': '0a541e80-d7f2-4dea-9951-be58bde6893a', 'title': 'Electricity bills', 'repeat_unit': 'none'}, {'id': 'ff277868-cb12-4aa7-8039-252081a16cfc', 'title': 'Water management', 'repeat_unit': 'none'}, {'id': '6d1aedbb-cb63-49ab-8672-3f5855e2c096', 'title': 'Dentist - checkup', 'repeat_unit': 'none'}, {'id': '3a3d6d0b-513d-4381-ba99-bf25fd0a5327', 'title': 'Alex Wheeler re investments', 'repeat_unit': 'none'}, {'id': 'df531ca0-cd1f-4339-bd21-446b325ad72c', 'title': 'Haircut', 'repeat_unit': 'none'}, {'id': '9f6737ce-1ae2-40a9-9d64-dc8d4b50bbca', 'title': 'Viewing by Mr Loveridge', 'repeat_unit': 'none'}, {'id': '408b029f-25df-40cd-8bf7-9c7fd145c057', 'title': 'Collect Sarah from Colwall', 'repeat_unit': 'none'}, {'id': '8c50593f-f8ba-4ac6-9cb7-4e97268c6b52', 'title': 'water reset', 'repeat_unit': 'none'}, {'id': '909cde04-794a-4ebb-93c1-b840ec236c3c', 'title': "Fix Rob's Door", 'repeat_unit': 'none'}, {'id': '511ddbd9-351e-48e7-9526-6dc087430e66', 'title': 'Signing Ellie off', 'repeat_unit': 'none'}]
2025-12-01 08:45:52,875 INFO Excluding 14 one-off template(s) already used on a different day
2025-12-01 08:45:52,876 INFO Old schedule shape: (30, 26), checking for completed tasks today (2025-12-01)
2025-12-01 08:45:52,877 INFO Old schedule has 5 tasks marked as completed (any date)
2025-12-01 08:45:52,879 INFO Found 0 completed tasks specifically today in old_schedule_df
2025-12-01 08:45:52,880 INFO Patching origin_template_id for completed task 'code dayflow2 - correct schedule logic'
2025-12-01 08:45:52,881 INFO Patching origin_template_id for completed task 'Book clearing'
2025-12-01 08:45:52,882 INFO Patching origin_template_id for completed task 'Lunch/reading'
2025-12-01 08:45:52,883 INFO Patching origin_template_id for completed task 'Woodland Management Plan'
2025-12-01 08:45:52,884 INFO Patching origin_template_id for completed task 'DayFlow activation'
2025-12-01 08:45:52,884 INFO Patching origin_template_id for completed task 'coffee/reading'
2025-12-01 08:45:52,886 INFO Patching origin_template_id for completed task 'Clear grotto'
2025-12-01 08:45:52,887 INFO Patching origin_template_id for completed task 'Clear leaves'
2025-12-01 08:45:52,888 INFO Patching origin_template_id for completed task 'Recycle'
2025-12-01 08:45:52,892 INFO Patching origin_template_id for completed task 'Water Softener'
2025-12-01 08:45:52,893 INFO Patching origin_template_id for completed task 'emails'
2025-12-01 08:45:52,897 INFO Patching origin_template_id for completed task 'Letting flat 3'
