2025-12-03 07:00:02,888 INFO DayFlow scheduler starting (tz=Europe/London, dry_run=False, force=False)
2025-12-03 07:00:04,088 INFO Supabase client created.
2025-12-03 07:00:04,088 INFO Run date = 2025-12-03 (Europe/London local)
2025-12-03 07:00:05,996 INFO HTTP Request: GET https://prloxvewcsxaptzgxvyy.supabase.co/rest/v1/scheduled_tasks?select=user_id%2Ctitle%2Ctemplate_id%2Cduration_minutes%2Cpriority%2Cis_appointment%2Cis_routine%2Cis_fixed%2Ctimezone&local_date=eq.2025-12-02&is_deleted=eq.False&is_completed=eq.False&is_appointment=eq.False&is_routine=eq.False "HTTP/2 200 OK"
2025-12-03 07:00:06,233 INFO HTTP Request: GET https://prloxvewcsxaptzgxvyy.supabase.co/rest/v1/task_templates?select=id%2Cis_deleted%2Crepeat_unit%2Crepeat%2Crepeat_interval%2Crepeat_days&id=in.%280c68a092-2205-4633-8ce3-7f2c91bf8deb%2C56c0c529-b646-4b85-92ff-3867cc5d309e%2C9c93ff75-d934-4e5b-91b4-1d91e8d6804a%2Cf7fdd0e6-c96b-4a88-b792-5dccbfa27efa%2Cff277868-cb12-4aa7-8039-252081a16cfc%29 "HTTP/2 200 OK"
2025-12-03 07:00:06,398 INFO HTTP Request: GET https://prloxvewcsxaptzgxvyy.supabase.co/rest/v1/scheduled_tasks?select=template_id%2Cstart_time&local_date=eq.2025-12-03 "HTTP/2 200 OK"
2025-12-03 07:00:06,629 INFO HTTP Request: POST https://prloxvewcsxaptzgxvyy.supabase.co/rest/v1/scheduled_tasks?on_conflict=user_id%2Clocal_date%2Ctemplate_id&columns=%22end_time%22%2C%22title%22%2C%22local_date%22%2C%22user_id%22%2C%22timezone%22%2C%22is_routine%22%2C%22template_id%22%2C%22is_appointment%22%2C%22priority%22%2C%22is_fixed%22%2C%22start_time%22%2C%22duration_minutes%22 "HTTP/2 201 Created"
2025-12-03 07:00:06,781 INFO HTTP Request: GET https://prloxvewcsxaptzgxvyy.supabase.co/rest/v1/task_templates?select=%2A&user_id=eq.3c877140-9539-47b9-898a-45eeab392e39&is_deleted=eq.False "HTTP/2 200 OK"
2025-12-03 07:00:06,786 INFO templates: fetched 44 row(s) for user_id=3c877140-9539-47b9-898a-45eeab392e39
2025-12-03 07:00:06,786 INFO templates: columns=['id', 'user_id', 'title', 'description', 'kind', 'repeat', 'repeat_day', 'suggested_duration_minutes', 'origin_source', 'created_at', 'updated_at', 'active', 'repeat_interval', 'repeat_days', 'day_of_month', 'timezone', 'repeat_unit', 'start_time', 'duration_minutes', 'is_routine', 'is_fixed', 'is_appointment', 'notes', 'date', 'priority', 'window_start_local', 'window_end_local', 'is_deleted']
2025-12-03 07:00:06,789 INFO templates: preview (up to 5)=[{'id': '0b2ea488-d48d-41fc-abb7-42f08cf80a8b', 'title': 'test floating task', 'repeat_unit': 'none', 'repeat': 'none', 'repeat_interval': 1, 'repeat_day': None, 'repeat_days': None, 'start_time': None, 'duration_minutes': 70, 'is_appointment': False, 'is_fixed': False, 'is_routine': False, 'timezone': 'Europe/London', 'date': '2025-10-28'}, {'id': 'c8e62685-8b13-4922-92fe-420d38ba0d90', 'title': 'code dayflow2 - correct schedule logic', 'repeat_unit': 'daily', 'repeat': 'daily', 'repeat_interval': 1, 'repeat_day': None, 'repeat_days': None, 'start_time': None, 'duration_minutes': 60, 'is_appointment': False, 'is_fixed': False, 'is_routine': False, 'timezone': 'Europe/London', 'date': None}, {'id': '2abb605a-7f11-4231-b06f-0badc9bf206b', 'title': 'Book clearing', 'repeat_unit': 'daily', 'repeat': 'daily', 'repeat_interval': 1, 'repeat_day': None, 'repeat_days': None, 'start_time': None, 'duration_minutes': 15, 'is_appointment': False, 'is_fixed': False, 'is_routine': False, 'timezone': 'Europe/London', 'date': None}, {'id': 'de0e34aa-1a30-4168-a59d-00ecd69aa119', 'title': 'Lunch/reading', 'repeat_unit': 'daily', 'repeat': None, 'repeat_interval': 1, 'repeat_day': None, 'repeat_days': None, 'start_time': '13:00:00', 'duration_minutes': 60, 'is_appointment': False, 'is_fixed': False, 'is_routine': True, 'timezone': 'Europe/London', 'date': None}, {'id': '3c917dd5-0a59-4e5b-86c9-960c6b5813d8', 'title': 'Woodland Management Plan', 'repeat_unit': 'daily', 'repeat': 'daily', 'repeat_interval': 1, 'repeat_day': None, 'repeat_days': None, 'start_time': None, 'duration_minutes': 30, 'is_appointment': False, 'is_fixed': False, 'is_routine': False, 'timezone': 'Europe/London', 'date': None}]
2025-12-03 07:00:06,957 INFO HTTP Request: GET https://prloxvewcsxaptzgxvyy.supabase.co/rest/v1/scheduled_tasks?select=%2A&user_id=eq.3c877140-9539-47b9-898a-45eeab392e39&local_date=in.%282025-12-02%2C2025-12-03%29 "HTTP/2 200 OK"
2025-12-03 07:00:06,959 INFO Fetched 25 rows from scheduled_tasks for dates 2025-12-02, 2025-12-03
2025-12-03 07:00:06,960 INFO Fetched titles: ['Clear leaves', 'Singers', 'Letting flat 3', 'ADHD assessment', 'coffee/reading', 'Book clearing', 'Therapy homework', 'Woodland Management Plan', 'Book Mahjong', 'DayFlow activation']
2025-12-03 07:00:06,962 INFO Old schedule preview: [{'title': 'Clear leaves', 'is_completed': False, 'date': '2025-12-02'}, {'title': 'Singers', 'is_completed': False, 'date': '2025-12-02'}, {'title': 'Letting flat 3', 'is_completed': True, 'date': '2025-12-02'}, {'title': 'ADHD assessment', 'is_completed': True, 'date': '2025-12-02'}, {'title': 'coffee/reading', 'is_completed': True, 'date': '2025-12-02'}]
2025-12-03 07:00:07,064 INFO HTTP Request: GET https://prloxvewcsxaptzgxvyy.supabase.co/rest/v1/scheduled_tasks?select=template_id%2Clocal_date&user_id=eq.3c877140-9539-47b9-898a-45eeab392e39&local_date=neq.2025-12-03 "HTTP/2 200 OK"
2025-12-03 07:00:07,266 INFO HTTP Request: GET https://prloxvewcsxaptzgxvyy.supabase.co/rest/v1/scheduled_tasks_archive?select=template_id%2Clocal_date&user_id=eq.3c877140-9539-47b9-898a-45eeab392e39&local_date=neq.2025-12-03 "HTTP/2 200 OK"
2025-12-03 07:00:07,268 INFO One-off block list (template_id,title,repeat_unit): [{'id': '0b2ea488-d48d-41fc-abb7-42f08cf80a8b', 'title': 'test floating task', 'repeat_unit': 'none'}, {'id': '00be83de-3c34-4b37-b84b-960b97d32dcc', 'title': 'Frozen taps', 'repeat_unit': 'none'}, {'id': '2cdff50f-0349-4926-9740-e031b5bc3f80', 'title': 'Caitlin Bench', 'repeat_unit': 'none'}, {'id': '227d7f51-04e1-4fdd-a7db-d365093d316d', 'title': 'WATER SUPPLY', 'repeat_unit': 'none'}, {'id': '0a541e80-d7f2-4dea-9951-be58bde6893a', 'title': 'Electricity bills', 'repeat_unit': 'none'}, {'id': 'ff277868-cb12-4aa7-8039-252081a16cfc', 'title': 'Water management', 'repeat_unit': 'none'}, {'id': '6d1aedbb-cb63-49ab-8672-3f5855e2c096', 'title': 'Dentist - checkup', 'repeat_unit': 'none'}, {'id': '3a3d6d0b-513d-4381-ba99-bf25fd0a5327', 'title': 'Alex Wheeler re investments', 'repeat_unit': 'none'}, {'id': 'df531ca0-cd1f-4339-bd21-446b325ad72c', 'title': 'Haircut', 'repeat_unit': 'none'}, {'id': '9f6737ce-1ae2-40a9-9d64-dc8d4b50bbca', 'title': 'Viewing by Mr Loveridge', 'repeat_unit': 'none'}, {'id': '408b029f-25df-40cd-8bf7-9c7fd145c057', 'title': 'Collect Sarah from Colwall', 'repeat_unit': 'none'}, {'id': '8c50593f-f8ba-4ac6-9cb7-4e97268c6b52', 'title': 'water reset', 'repeat_unit': 'none'}, {'id': '909cde04-794a-4ebb-93c1-b840ec236c3c', 'title': "Fix Rob's Door", 'repeat_unit': 'none'}, {'id': '511ddbd9-351e-48e7-9526-6dc087430e66', 'title': 'Signing Ellie off', 'repeat_unit': 'none'}]
2025-12-03 07:00:07,269 INFO Excluding 14 one-off template(s) already used on a different day
2025-12-03 07:00:07,270 INFO Old schedule shape: (25, 26), checking for completed tasks today (2025-12-03)
2025-12-03 07:00:07,270 INFO Old schedule has 14 tasks marked as completed (any date)
2025-12-03 07:00:07,272 INFO Found 0 completed tasks specifically today in old_schedule_df
2025-12-03 07:00:07,274 INFO Patching origin_template_id for completed task 'code dayflow2 - correct schedule logic'
2025-12-03 07:00:07,276 INFO Patching origin_template_id for completed task 'Book clearing'
2025-12-03 07:00:07,276 INFO Patching origin_template_id for completed task 'Lunch/reading'
2025-12-03 07:00:07,277 INFO Patching origin_template_id for completed task 'Woodland Management Plan'
2025-12-03 07:00:07,278 INFO Patching origin_template_id for completed task 'DayFlow activation'
2025-12-03 07:00:07,279 INFO Patching origin_template_id for completed task 'coffee/reading'
2025-12-03 07:00:07,281 INFO Patching origin_template_id for completed task 'Black bags'
2025-12-03 07:00:07,281 INFO Patching origin_template_id for completed task 'Clear grotto'
2025-12-03 07:00:07,282 INFO Patching origin_template_id for completed task 'Clear leaves'
2025-12-03 07:00:07,283 INFO Patching origin_template_id for completed task 'Pay Bills'
2025-12-03 07:00:07,284 INFO Patching origin_template_id for completed task 'Therapy homework'
2025-12-03 07:00:07,284 INFO Patching origin_template_id for completed task 'Book Mahjong'
2025-12-03 07:00:07,285 INFO Patching origin_template_id for completed task 'Singers'
2025-12-03 07:00:07,287 INFO Patching origin_template_id for completed task 'emails'
2025-12-03 07:00:07,289 INFO Patching origin_template_id for completed task 'Letting flat 3'
2025-12-03 07:00:07,290 INFO Patching origin_template_id for completed task 'Choir practice'
2025-12-03 07:00:07,291 INFO Patching origin_template_id for completed task 'Desk clear/paperwork'
2025-12-03 07:00:07,292 INFO Patching origin_template_id for completed task 'ADHD assessment'
2025-12-03 07:00:07,294 INFO Patching origin_template_id for completed task 'Septic Survey'
2025-12-03 07:00:07,303 INFO Skipping duplicate instantiation of 'DayFlow activation'
2025-12-03 07:00:07,309 INFO Skipping duplicate instantiation of 'Clear grotto'
2025-12-03 07:00:07,312 INFO Skipping duplicate instantiation of 'Clear leaves'
2025-12-03 07:00:07,325 INFO Skipping duplicate instantiation of 'Desk clear/paperwork'
2025-12-03 07:00:07,333 INFO Instantiation report (13): [{'template_id': 'c8e62685-8b13-4922-92fe-420d38ba0d90', 'title': 'code dayflow2 - correct schedule logic', 'repeat_unit': 'daily', 'repeat_interval': 1, 'repeat_day': None, 'repeat_days': None, 'reference_date': '2025-12-03', 'today': '2025-12-03', 'start_local': '2025-12-03T09:00:00+00:00', 'start_utc': '2025-12-03T09:00:00+00:00', 'duration_min': 60, 'reason': 'daily'}, {'template_id': '2abb605a-7f11-4231-b06f-0badc9bf206b', 'title': 'Book clearing', 'repeat_unit': 'daily', 'repeat_interval': 1, 'repeat_day': None, 'repeat_days': None, 'reference_date': '2025-12-03', 'today': '2025-12-03', 'start_local': '2025-12-03T09:00:00+00:00', 'start_utc': '2025-12-03T09:00:00+00:00', 'duration_min': 15, 'reason': 'daily'}, {'template_id': 'de0e34aa-1a30-4168-a59d-00ecd69aa119', 'title': 'Lunch/reading', 'repeat_unit': 'daily', 'repeat_interval': 1, 'repeat_day': None, 'repeat_days': None, 'reference_date': '2025-12-03', 'today': '2025-12-03', 'start_local': '2025-12-03T13:00:00+00:00', 'start_utc': '2025-12-03T13:00:00+00:00', 'duration_min': 60, 'reason': 'daily'}, {'template_id': '3c917dd5-0a59-4e5b-86c9-960c6b5813d8', 'title': 'Woodland Management Plan', 'repeat_unit': 'daily', 'repeat_interval': 1, 'repeat_day': None, 'repeat_days': None, 'reference_date': '2025-12-03', 'today': '2025-12-03', 'start_local': '2025-12-03T09:00:00+00:00', 'start_utc': '2025-12-03T09:00:00+00:00', 'duration_min': 30, 'reason': 'daily'}, {'template_id': '209e8601-0b9f-42de-8a50-6406327d06fa', 'title': 'coffee/reading', 'repeat_unit': 'daily', 'repeat_interval': 1, 'repeat_day': None, 'repeat_days': None, 'reference_date': '2025-12-03', 'today': '2025-12-03', 'start_local': '2025-12-03T11:00:00+00:00', 'start_utc': '2025-12-03T11:00:00+00:00', 'duration_min': 40, 'reason': 'daily'}, {'template_id': '6da2dd7a-d937-44c6-9ef5-5dd955fdd739', 'title': 'Antonia', 'repeat_unit': 'weekly', 'repeat_interval': 1, 'repeat_day': None, 'repeat_days': [2], 'reference_date': '2025-11-05', 'today': '2025-12-03', 'start_local': '2025-12-03T10:00:00+00:00', 'start_utc': '2025-12-03T10:00:00+00:00', 'duration_min': 60, 'reason': 'weekly (weeks_since=4, interval=1, dow=2, days=[2])'}, {'template_id': 'fdc12458-1be8-40a5-9abd-57ed46986c9f', 'title': 'emails', 'repeat_unit': 'daily', 'repeat_interval': 1, 'repeat_day': None, 'repeat_days': None, 'reference_date': '2025-12-03', 'today': '2025-12-03', 'start_local': '2025-12-03T09:00:00+00:00', 'start_utc': '2025-12-03T09:00:00+00:00', 'duration_min': 30, 'reason': 'daily'}, {'template_id': '1374b9c4-e211-4c2e-999f-4c9157bf05dc', 'title': 'Letting flat 3', 'repeat_unit': 'daily', 'repeat_interval': 1, 'repeat_day': None, 'repeat_days': None, 'reference_date': '2025-12-03', 'today': '2025-12-03', 'start_local': '2025-12-03T09:00:00+00:00', 'start_utc': '2025-12-03T09:00:00+00:00', 'duration_min': 15, 'reason': 'daily'}, {'template_id': 'c6fe02af-76c9-439c-9e20-d3c6ca8aba5d', 'title': 'Choir practice', 'repeat_unit': 'daily', 'repeat_interval': 1, 'repeat_day': None, 'repeat_days': None, 'reference_date': '2025-12-03', 'today': '2025-12-03', 'start_local': '2025-12-03T09:00:00+00:00', 'start_utc': '2025-12-03T09:00:00+00:00', 'duration_min': 30, 'reason': 'daily'}, {'template_id': '44c31187-1a50-411a-a0d3-72384517edf1', 'title': 'finalise Ocado order', 'repeat_unit': 'weekly', 'repeat_interval': 1, 'repeat_day': None, 'repeat_days': [2], 'reference_date': '2025-12-03', 'today': '2025-12-03', 'start_local': '2025-12-03T09:00:00+00:00', 'start_utc': '2025-12-03T09:00:00+00:00', 'duration_min': 30, 'reason': 'weekly (weeks_since=0, interval=1, dow=2, days=[2])'}, {'template_id': '1fac3af7-8f7e-4cbd-9a1c-2a7830b52157', 'title': 'ADHD assessment', 'repeat_unit': 'daily', 'repeat_interval': 1, 'repeat_day': None, 'repeat_days': None, 'reference_date': '2025-12-03', 'today': '2025-12-03', 'start_local': '2025-12-03T09:00:00+00:00', 'start_utc': '2025-12-03T09:00:00+00:00', 'duration_min': 30, 'reason': 'daily'}, {'template_id': '2d7fd5d1-9da2-45cf-bd3a-62843e89c351', 'title': 'Barbershop', 'repeat_unit': 'weekly', 'repeat_interval': 1, 'repeat_day': None, 'repeat_days': [2], 'reference_date': '2025-11-05', 'today': '2025-12-03', 'start_local': '2025-12-03T19:30:00+00:00', 'start_utc': '2025-12-03T19:30:00+00:00', 'duration_min': 180, 'reason': 'weekly (weeks_since=4, interval=1, dow=2, days=[2])'}, {'template_id': '9279a4f4-5e4a-4194-aac9-573944239daf', 'title': 'Septic Survey', 'repeat_unit': 'daily', 'repeat_interval': 1, 'repeat_day': None, 'repeat_days': None, 'reference_date': '2025-12-03', 'today': '2025-12-03', 'start_local': '2025-12-03T09:00:00+00:00', 'start_utc': '2025-12-03T09:00:00+00:00', 'duration_min': 15, 'reason': 'daily'}]
2025-12-03 07:00:07,333 INFO Skip report (17): [{'template_id': '56c0c529-b646-4b85-92ff-3867cc5d309e', 'title': 'DayFlow activation', 'reason': 'already instantiated today (active)'}, {'template_id': 'be1d0d9d-99c2-4b91-94e2-36d2416cc92e', 'title': 'Recycle', 'reason': 'weekly not due this week (weeks_since=1, interval=2)'}, {'template_id': '1964fbe2-3941-4da6-b1e2-37fb66fbaf10', 'title': 'Read meters', 'reason': 'monthly not due this month (months_since=2, interval=3)'}, {'template_id': 'd2671250-aa7c-413c-9e52-76fb6b53f508', 'title': 'Black bags', 'reason': 'weekly not due today (dow=2, days=[0])'}, {'template_id': 'f7fdd0e6-c96b-4a88-b792-5dccbfa27efa', 'title': 'Clear grotto', 'reason': 'already instantiated today (active)'}, {'template_id': '0c68a092-2205-4633-8ce3-7f2c91bf8deb', 'title': 'Clear leaves', 'reason': 'already instantiated today (active)'}, {'template_id': '93bf4f6d-6dc2-4c39-9925-875de3dc01ed', 'title': 'Pay Bills', 'reason': 'weekly not due today (dow=2, days=[1])'}, {'template_id': '2cbe80cb-d32f-448b-9817-d8f082d2af29', 'title': 'Therapy homework', 'reason': 'weekly not due today (dow=2, days=[1])'}, {'template_id': '550e00be-c559-4425-a509-ad8c15d92133', 'title': 'Book Mahjong', 'reason': 'weekly not due today (dow=2, days=[1])'}, {'template_id': '133915cc-6d6c-4eff-8476-d0969cb05e08', 'title': 'Singers', 'reason': 'weekly not due today (dow=2, days=[1])'}, {'template_id': 'c2eb208b-c823-434b-98c5-82d63991e4bc', 'title': 'Water Softener', 'reason': 'weekly not due today (dow=2, days=[0])'}, {'template_id': '82885591-1a30-42f6-b51d-e337c489793b', 'title': 'Mah Jong', 'reason': 'weekly not due today (dow=2, days=[3])'}, {'template_id': '55291735-d6ec-4582-83d3-586e9410e03a', 'title': 'Mr Roberts starting', 'reason': 'weekly not due today (dow=2, days=[4])'}, {'template_id': 'cde5bf72-84cc-4d21-a039-9e26e02a32d0', 'title': 'Mr Roberts finishing', 'reason': 'weekly not due today (dow=2, days=[4])'}, {'template_id': '663ba09d-235b-47be-a383-78af13b68f30', 'title': 'Ocado delivery', 'reason': 'weekly not due today (dow=2, days=[4])'}, {'template_id': '9c93ff75-d934-4e5b-91b4-1d91e8d6804a', 'title': 'Desk clear/paperwork', 'reason': 'already instantiated today (active)'}, {'template_id': 'eb281d6d-dbd4-42ea-b18b-90462068081b', 'title': 'Financial update', 'reason': 'weekly not due today (dow=2, days=[5])'}]
2025-12-03 07:00:07,333 INFO Skip summary: {'already instantiated today (active)': 4, 'weekly not due this week (weeks_since=1, interval=2)': 1, 'monthly not due this month (months_since=2, interval=3)': 1, 'weekly not due today (dow=2, days=[0])': 2, 'weekly not due today (dow=2, days=[1])': 4, 'weekly not due today (dow=2, days=[3])': 1, 'weekly not due today (dow=2, days=[4])': 3, 'weekly not due today (dow=2, days=[5])': 1}
C:\Projects\dayflow-ui\dayflow2-gui\dayflow\planner.py:1004: SettingWithCopyWarning: 
A value is trying to be set on a copy of a slice from a DataFrame.
Try using .loc[row_indexer,col_indexer] = value instead

See the caveats in the documentation: https://pandas.pydata.org/pandas-docs/stable/user_guide/indexing.html#returning-a-view-versus-a-copy
  existing_today_tasks.at[idx, "window_start_local"] = template.get("window_start_local")
C:\Projects\dayflow-ui\dayflow2-gui\dayflow\planner.py:1006: SettingWithCopyWarning: 
A value is trying to be set on a copy of a slice from a DataFrame.
Try using .loc[row_indexer,col_indexer] = value instead

See the caveats in the documentation: https://pandas.pydata.org/pandas-docs/stable/user_guide/indexing.html#returning-a-view-versus-a-copy
  existing_today_tasks.at[idx, "window_end_local"] = template.get("window_end_local")
2025-12-03 07:00:07,419 INFO HTTP Request: GET https://prloxvewcsxaptzgxvyy.supabase.co/rest/v1/scheduled_tasks?select=%2A&user_id=eq.3c877140-9539-47b9-898a-45eeab392e39&local_date=eq.2025-12-03&start_time=is.null&is_completed=eq.False&is_deleted=eq.False "HTTP/2 200 OK"
2025-12-03 07:00:07,420 INFO Found 5 unscheduled task(s) that need time slots
2025-12-03 07:00:07,423 INFO Prepared 23 instance(s) for 2025-12-03
2025-12-03 07:00:07,424 INFO De-dup: dropped 5 duplicate row(s) on (user_id,local_date,template_id)
2025-12-03 07:00:07,424 INFO Prepared 18 instance(s) for 2025-12-03 (post-dedupe)
2025-12-03 07:00:07,424 INFO Preprocessed 18 instance(s).
2025-12-03 07:00:07,588 INFO HTTP Request: GET https://prloxvewcsxaptzgxvyy.supabase.co/rest/v1/scheduled_tasks?select=template_id&local_date=eq.2025-12-03&is_deleted=eq.True&user_id=eq.3c877140-9539-47b9-898a-45eeab392e39 "HTTP/2 200 OK"
2025-12-03 07:00:07,660 INFO HTTP Request: GET https://prloxvewcsxaptzgxvyy.supabase.co/rest/v1/task_templates?select=id&is_deleted=eq.True&user_id=eq.3c877140-9539-47b9-898a-45eeab392e39 "HTTP/2 200 OK"
2025-12-03 07:00:07,661 INFO Template-deleted filter: 20 template(s) removed (from 18 \u2192 18).
C:\Projects\dayflow-ui\dayflow2-gui\dayflow\planner.py:1459: FutureWarning: Downcasting object dtype arrays on .fillna, .ffill, .bfill is deprecated and will change in a future version. Call result.infer_objects(copy=False) instead. To opt-in to the future behavior, set `pd.set_option('future.no_silent_downcasting', True)`
  tasks_df['is_floating'] = tasks_df['is_floating'].fillna(False).astype(bool)
2025-12-03 07:00:07,747 INFO HTTP Request: GET https://prloxvewcsxaptzgxvyy.supabase.co/rest/v1/scheduled_tasks?select=%2A&limit=1 "HTTP/2 200 OK"
2025-12-03 07:00:07,781 INFO HTTP Request: GET https://prloxvewcsxaptzgxvyy.supabase.co/rest/v1/scheduled_tasks?select=%2A&limit=1 "HTTP/2 200 OK"
2025-12-03 07:00:07,816 INFO HTTP Request: GET https://prloxvewcsxaptzgxvyy.supabase.co/rest/v1/scheduled_tasks?select=id&user_id=eq.3c877140-9539-47b9-898a-45eeab392e39&local_date=eq.2025-12-03&is_completed=eq.False "HTTP/2 200 OK"
2025-12-03 07:00:07,863 INFO HTTP Request: DELETE https://prloxvewcsxaptzgxvyy.supabase.co/rest/v1/scheduled_tasks?id=in.%286e569e6e-685a-4aee-b9bb-cdbc9e91eec5%2C4a9eb6b6-1c10-4338-a87a-eb490da2f0d7%2C30fe8e91-0292-4223-a9d6-7feeb6466865%2C1818af10-d172-425c-b95b-0fd084556a9a%29 "HTTP/2 200 OK"
2025-12-03 07:00:07,928 INFO HTTP Request: POST https://prloxvewcsxaptzgxvyy.supabase.co/rest/v1/scheduled_tasks?on_conflict=user_id%2Clocal_date%2Ctemplate_id&columns=%22end_time%22%2C%22title%22%2C%22local_date%22%2C%22user_id%22%2C%22timezone%22%2C%22is_routine%22%2C%22template_id%22%2C%22is_appointment%22%2C%22priority%22%2C%22is_fixed%22%2C%22start_time%22%2C%22duration_minutes%22 "HTTP/2 201 Created"
2025-12-03 07:00:07,991 INFO HTTP Request: PATCH https://prloxvewcsxaptzgxvyy.supabase.co/rest/v1/scheduled_tasks?id=eq.c3923e8c-e201-4f2d-b67f-542dcb182467 "HTTP/2 200 OK"
2025-12-03 07:00:08,035 INFO HTTP Request: POST https://prloxvewcsxaptzgxvyy.supabase.co/rest/v1/scheduled_tasks?on_conflict=user_id%2Clocal_date%2Ctemplate_id&columns=%22end_time%22%2C%22title%22%2C%22local_date%22%2C%22user_id%22%2C%22timezone%22%2C%22is_routine%22%2C%22template_id%22%2C%22description%22%2C%22is_appointment%22%2C%22priority%22%2C%22is_fixed%22%2C%22start_time%22%2C%22duration_minutes%22 "HTTP/2 201 Created"
2025-12-03 07:00:08,036 INFO Scheduled 17 item(s).

[Scheduler Env Preflight]
  SUPABASE_URL: https:àe.co
  SUPABASE_SERVICE_ROLE_KEY: sb_secàZocg
  SUPABASE_SERVICE_KEY:      sb_secàZocg
[Env OK]

[carry_forward] Upserted 5 carried-forward tasks for 2025-12-03.
Filtered out 0 template task(s).
[DEBUG] tasks_df after template filter: 18 tasks

[DEBUG] free_gaps_list before floating task scheduling:
  Gap: 08:00 - 10:00
  Gap: 11:40 - 13:00
  Gap: 14:00 - 19:30
  Gap: 22:30 - 23:00
[DEBUG] floating_tasks_only_df: 14 tasks
[DEBUG] prescheduled_df: 4 tasks
[DEBUG] Floating task scheduling order:
  - Letting flat 3: priority=1, duration=15min
  - Septic Survey: priority=1, duration=15min
  - emails: priority=1, duration=30min
  - Choir practice: priority=1, duration=30min
  - finalise Ocado order: priority=1, duration=30min
  - code dayflow2 - correct schedule logic: priority=1, duration=60min
  - Book clearing: priority=2, duration=15min
  - DayFlow activation: priority=2, duration=30min
  - Desk clear/paperwork: priority=2, duration=30min
  - ADHD assessment: priority=3, duration=30min
  - Water management: priority=3, duration=30min
  - Clear leaves: priority=3, duration=45min
  - Clear grotto: priority=3, duration=60min
  - Woodland Management Plan: priority=4, duration=30min
[DEBUG] Task 'Letting flat 3' window: 08:00-23:00, has window_start=None, window_end=None
[DEBUG] Trying to fit 'Letting flat 3' (15min) in gap 08:00-10:00, eff: 08:00-10:00
[DEBUG] Result: 08:00 - 08:15
[DEBUG] Task 'Septic Survey' window: 08:00-23:00, has window_start=None, window_end=None
[DEBUG] Trying to fit 'Septic Survey' (15min) in gap 08:15-10:00, eff: 08:15-10:00
[DEBUG] Result: 08:15 - 08:30
[DEBUG] Task 'emails' window: 08:00-23:00, has window_start=None, window_end=None
[DEBUG] Trying to fit 'emails' (30min) in gap 08:30-10:00, eff: 08:30-10:00
[DEBUG] Result: 08:30 - 09:00
[DEBUG] Task 'Choir practice' window: 08:00-23:00, has window_start=None, window_end=None
[DEBUG] Trying to fit 'Choir practice' (30min) in gap 09:00-10:00, eff: 09:00-10:00
[DEBUG] Result: 09:00 - 09:30
[DEBUG] Task 'finalise Ocado order' window: 08:00-23:00, has window_start=None, window_end=None
[DEBUG] Trying to fit 'finalise Ocado order' (30min) in gap 09:30-10:00, eff: 09:30-10:00
[DEBUG] Result: 09:30 - 10:00
[DEBUG] Task 'code dayflow2 - correct schedule logic' window: 08:00-23:00, has window_start=None, window_end=None
[DEBUG] Trying to fit 'code dayflow2 - correct schedule logic' (60min) in gap 11:40-13:00, eff: 11:40-13:00
[DEBUG] Result: 11:40 - 12:40
[DEBUG] Task 'Book clearing' window: 08:00-23:00, has window_start=None, window_end=None
[DEBUG] Trying to fit 'Book clearing' (15min) in gap 12:40-13:00, eff: 12:40-13:00
[DEBUG] Result: 12:40 - 12:55
[DEBUG] Task 'DayFlow activation' window: 08:00-23:00, has window_start=nan, window_end=nan
[DEBUG] Trying to fit 'DayFlow activation' (30min) in gap 14:00-19:30, eff: 14:00-19:30
[DEBUG] Result: 14:00 - 14:30
[DEBUG] Task 'Desk clear/paperwork' window: 08:00-23:00, has window_start=nan, window_end=nan
[DEBUG] Trying to fit 'Desk clear/paperwork' (30min) in gap 14:30-19:30, eff: 14:30-19:30
[DEBUG] Result: 14:30 - 15:00
[DEBUG] Task 'ADHD assessment' window: 08:00-23:00, has window_start=None, window_end=None
[DEBUG] Trying to fit 'ADHD assessment' (30min) in gap 15:00-19:30, eff: 15:00-19:30
[DEBUG] Result: 15:00 - 15:30
[DEBUG] Task 'Water management' window: 08:00-23:00, has window_start=nan, window_end=nan
[DEBUG] Trying to fit 'Water management' (30min) in gap 15:30-19:30, eff: 15:30-19:30
[DEBUG] Result: 15:30 - 16:00
[DEBUG] Task 'Clear leaves' window: 14:00-17:00, has window_start=14:00:00, window_end=17:00:00
[DEBUG] Trying to fit 'Clear leaves' (45min) in gap 16:00-19:30, eff: 16:00-17:00
[DEBUG] Result: 16:00 - 16:45
[DEBUG] Task 'Clear grotto' window: 14:00-16:30, has window_start=14:00:00, window_end=16:30:00
No room inside window for 'nan' [14:00û16:30]; deferring.
[DEBUG] Task 'Woodland Management Plan' window: 08:00-23:00, has window_start=None, window_end=None
[DEBUG] Trying to fit 'Woodland Management Plan' (30min) in gap 16:45-19:30, eff: 16:45-19:30
[DEBUG] Result: 16:45 - 17:15

============================================================
1 floating tasks could not be scheduled today:
 - Clear grotto (Priority 3, Duration 60 min)
============================================================

schedule_day candidates=16 filtered=16 allowed_cols=['created_at', 'date', 'description', 'duration_minutes', 'end_time', 'id', 'is_appointment', 'is_completed', 'is_deleted', 'is_fixed', 'is_routine', 'last_completed_date', 'local_date', 'origin_template_id', 'priority', 'start_time', 'template_id', 'timezone', 'title', 'updated_at', 'user_id']
schedule_day first row sample: {'duration_minutes': 15,
 'end_time': '2025-12-03T08:15:00+00:00',
 'is_appointment': False,
 'is_fixed': False,
 'is_routine': False,
 'local_date': '2025-12-03',
 'priority': 1,
 'start_time': '2025-12-03T08:00:00+00:00',
 'template_id': '1374b9c4-e211-4c2e-999f-4c9157bf05dc',
 'timezone': 'Europe/London',
 'title': 'Letting flat 3',
 'user_id': '3c877140-9539-47b9-898a-45eeab392e39'}
schedule_day: DELETING old tasks for 2025-12-03
schedule_day: Deleted 4 old task(s)
schedule_day: WRITING 16 new task(s) to scheduled_tasks for 2025-12-03
schedule_day upserted=16 attempted=16 conflict_target=user_id,local_date,template_id
schedule_day: UPDATING 1 existing task(s)
schedule_day: WRITING 1 unscheduled task(s) with explanations
